          ok  Starting native_osx for sync php-fpm-pig-allowance-book-syncs
          ok  php-fpm-pig-allowance-book-syncs container still running, restarting unison in container
unison: stopped
unison: started
     success  Sync container started
     success  Showing unison logs from your sync container: php-fpm-pig-allowance-book-syncs
[2019-11-04 21:49:13 +0900] Sync Log:  UNISON 2.51.2 (OCAML 4.06.1) started propagating changes at 21:49:12.98 on 04 Nov 2019
[2019-11-04 21:49:13 +0900] Sync Log:  [BGN] Updating file vendor/composer/ClassLoader.php from /app_sync to /host_sync
[2019-11-04 21:49:13 +0900] Sync Log:  [END] Updating file vendor/composer/ClassLoader.php
[2019-11-04 21:49:13 +0900] Sync Log:  [BGN] Updating file vendor/composer/autoload_classmap.php from /app_sync to /host_sync
[2019-11-04 21:49:13 +0900] Sync Log:  [END] Updating file vendor/composer/autoload_classmap.php
[2019-11-04 21:49:13 +0900] Sync Log:  [BGN] Updating file vendor/composer/autoload_static.php from /app_sync to /host_sync
[2019-11-04 21:49:13 +0900] Sync Log:  [END] Updating file vendor/composer/autoload_static.php
[2019-11-04 21:49:13 +0900] Sync Log:  UNISON 2.51.2 (OCAML 4.06.1) finished propagating changes at 21:49:13.07 on 04 Nov 2019
[2019-11-04 21:49:13 +0900] Sync Log:  Synchronization complete at 21:49:13  (3 items transferred, 0 skipped, 0 failed)
[2019-11-04 21:50:31 +0900] Sync Log:  UNISON 2.51.2 (OCAML 4.06.1) started propagating changes at 21:50:30.90 on 04 Nov 2019
[2019-11-04 21:50:31 +0900] Sync Log:  [BGN] Updating file app/Domains/ToDo/ToDoRepositoryImpl.php from /host_sync to /app_sync
[2019-11-04 21:50:31 +0900] Sync Log:  [END] Updating file app/Domains/ToDo/ToDoRepositoryImpl.php
[2019-11-04 21:50:31 +0900] Sync Log:  UNISON 2.51.2 (OCAML 4.06.1) finished propagating changes at 21:50:30.90 on 04 Nov 2019
[2019-11-04 21:50:31 +0900] Sync Log:  Synchronization complete at 21:50:30  (1 item transferred, 0 skipped, 0 failed)
[2019-11-04 21:50:52 +0900] Sync Log:  UNISON 2.51.2 (OCAML 4.06.1) started propagating changes at 21:50:52.08 on 04 Nov 2019
[2019-11-04 21:50:52 +0900] Sync Log:  [BGN] Updating file app/Domains/ToDo/ToDoTranslator.php from /host_sync to /app_sync
[2019-11-04 21:50:52 +0900] Sync Log:  [END] Updating file app/Domains/ToDo/ToDoTranslator.php
[2019-11-04 21:50:52 +0900] Sync Log:  UNISON 2.51.2 (OCAML 4.06.1) finished propagating changes at 21:50:52.08 on 04 Nov 2019
[2019-11-04 21:50:52 +0900] Sync Log:  Synchronization complete at 21:50:52  (1 item transferred, 0 skipped, 0 failed)
[2019-11-04 21:52:33 +0900] Sync Log:  UNISON 2.51.2 (OCAML 4.06.1) started propagating changes at 21:52:33.10 on 04 Nov 2019
[2019-11-04 21:52:33 +0900] Sync Log:  [BGN] Updating file app/Domains/Purchase/PurchaseRepositoryImpl.php from /host_sync to /app_sync
[2019-11-04 21:52:33 +0900] Sync Log:  [END] Updating file app/Domains/Purchase/PurchaseRepositoryImpl.php
[2019-11-04 21:52:33 +0900] Sync Log:  UNISON 2.51.2 (OCAML 4.06.1) finished propagating changes at 21:52:33.10 on 04 Nov 2019
[2019-11-04 21:52:33 +0900] Sync Log:  Synchronization complete at 21:52:33  (1 item transferred, 0 skipped, 0 failed)
[2019-11-04 21:53:17 +0900] Sync Log:  UNISON 2.51.2 (OCAML 4.06.1) started propagating changes at 21:53:16.74 on 04 Nov 2019
[2019-11-04 21:53:17 +0900] Sync Log:  [BGN] Updating file app/Domains/Purchase/PurchaseTranslatorImpl.php from /host_sync to /app_sync
[2019-11-04 21:53:17 +0900] Sync Log:  [END] Updating file app/Domains/Purchase/PurchaseTranslatorImpl.php
[2019-11-04 21:53:17 +0900] Sync Log:  UNISON 2.51.2 (OCAML 4.06.1) finished propagating changes at 21:53:16.74 on 04 Nov 2019
[2019-11-04 21:53:17 +0900] Sync Log:  Synchronization complete at 21:53:16  (1 item transferred, 0 skipped, 0 failed)
[2019-11-04 22:13:19 +0900] Sync Log:  UNISON 2.51.2 (OCAML 4.06.1) started propagating changes at 22:13:18.16 on 04 Nov 2019
[2019-11-04 22:13:19 +0900] Sync Log:  [BGN] Updating file app/Domains/Purchase/PurchaseTranslatorImpl.php from /host_sync to /app_sync
[2019-11-04 22:13:19 +0900] Sync Log:  [END] Updating file app/Domains/Purchase/PurchaseTranslatorImpl.php
[2019-11-04 22:13:19 +0900] Sync Log:  UNISON 2.51.2 (OCAML 4.06.1) finished propagating changes at 22:13:18.16 on 04 Nov 2019
[2019-11-04 22:13:19 +0900] Sync Log:  Synchronization complete at 22:13:18  (1 item transferred, 0 skipped, 0 failed)
[2019-11-04 22:13:31 +0900] Sync Log:  UNISON 2.51.2 (OCAML 4.06.1) started propagating changes at 22:13:30.32 on 04 Nov 2019
[2019-11-04 22:13:31 +0900] Sync Log:  [BGN] Updating file app/Domains/Purchase/PurchaseTranslatorImpl.php from /host_sync to /app_sync
[2019-11-04 22:13:31 +0900] Sync Log:  [END] Updating file app/Domains/Purchase/PurchaseTranslatorImpl.php
[2019-11-04 22:13:31 +0900] Sync Log:  UNISON 2.51.2 (OCAML 4.06.1) finished propagating changes at 22:13:30.32 on 04 Nov 2019
[2019-11-04 22:13:31 +0900] Sync Log:  Synchronization complete at 22:13:30  (1 item transferred, 0 skipped, 0 failed)
[2019-11-04 22:15:37 +0900] Sync Log:  UNISON 2.51.2 (OCAML 4.06.1) started propagating changes at 22:15:36.80 on 04 Nov 2019
[2019-11-04 22:15:37 +0900] Sync Log:  [BGN] Updating file app/Domains/Research/ResearchRepositoryImpl.php from /host_sync to /app_sync
[2019-11-04 22:15:37 +0900] Sync Log:  [END] Updating file app/Domains/Research/ResearchRepositoryImpl.php
[2019-11-04 22:15:37 +0900] Sync Log:  UNISON 2.51.2 (OCAML 4.06.1) finished propagating changes at 22:15:36.81 on 04 Nov 2019
[2019-11-04 22:15:37 +0900] Sync Log:  Synchronization complete at 22:15:36  (1 item transferred, 0 skipped, 0 failed)
[2019-11-04 22:15:54 +0900] Sync Log:  UNISON 2.51.2 (OCAML 4.06.1) started propagating changes at 22:15:54.18 on 04 Nov 2019
[2019-11-04 22:15:54 +0900] Sync Log:  [BGN] Updating file app/Domains/Research/ResearchTranslatorImpl.php from /host_sync to /app_sync
[2019-11-04 22:15:54 +0900] Sync Log:  [END] Updating file app/Domains/Research/ResearchTranslatorImpl.php
[2019-11-04 22:15:54 +0900] Sync Log:  UNISON 2.51.2 (OCAML 4.06.1) finished propagating changes at 22:15:54.18 on 04 Nov 2019
[2019-11-04 22:15:54 +0900] Sync Log:  Synchronization complete at 22:15:54  (1 item transferred, 0 skipped, 0 failed)
[2019-11-04 22:16:34 +0900] Sync Log:  UNISON 2.51.2 (OCAML 4.06.1) started propagating changes at 22:16:33.79 on 04 Nov 2019
[2019-11-04 22:16:34 +0900] Sync Log:  [BGN] Updating file app/Domains/Research/ResearchTranslatorImpl.php from /host_sync to /app_sync
[2019-11-04 22:16:34 +0900] Sync Log:  [END] Updating file app/Domains/Research/ResearchTranslatorImpl.php
[2019-11-04 22:16:34 +0900] Sync Log:  UNISON 2.51.2 (OCAML 4.06.1) finished propagating changes at 22:16:33.80 on 04 Nov 2019
[2019-11-04 22:16:34 +0900] Sync Log:  Synchronization complete at 22:16:33  (1 item transferred, 0 skipped, 0 failed)
[2019-11-04 22:16:40 +0900] Sync Log:  UNISON 2.51.2 (OCAML 4.06.1) started propagating changes at 22:16:39.49 on 04 Nov 2019
[2019-11-04 22:16:40 +0900] Sync Log:  [BGN] Updating file app/Domains/Research/ResearchTranslatorImpl.php from /host_sync to /app_sync
[2019-11-04 22:16:40 +0900] Sync Log:  [END] Updating file app/Domains/Research/ResearchTranslatorImpl.php
[2019-11-04 22:16:40 +0900] Sync Log:  UNISON 2.51.2 (OCAML 4.06.1) finished propagating changes at 22:16:39.49 on 04 Nov 2019
[2019-11-04 22:16:40 +0900] Sync Log:  Synchronization complete at 22:16:39  (1 item transferred, 0 skipped, 0 failed)
[2019-11-04 22:17:44 +0900] Sync Log:  UNISON 2.51.2 (OCAML 4.06.1) started propagating changes at 22:17:43.70 on 04 Nov 2019
[2019-11-04 22:17:44 +0900] Sync Log:  [BGN] Updating file app/Domains/Shop/ShopServiceImpl.php from /host_sync to /app_sync
[2019-11-04 22:17:44 +0900] Sync Log:  [END] Updating file app/Domains/Shop/ShopServiceImpl.php
[2019-11-04 22:17:44 +0900] Sync Log:  UNISON 2.51.2 (OCAML 4.06.1) finished propagating changes at 22:17:43.70 on 04 Nov 2019
[2019-11-04 22:17:44 +0900] Sync Log:  Synchronization complete at 22:17:43  (1 item transferred, 0 skipped, 0 failed)
[2019-11-04 22:18:29 +0900] Sync Log:  UNISON 2.51.2 (OCAML 4.06.1) started propagating changes at 22:18:28.79 on 04 Nov 2019
[2019-11-04 22:18:29 +0900] Sync Log:  [BGN] Updating file app/Domains/Shop/ShopRepositoryImpl.php from /host_sync to /app_sync
[2019-11-04 22:18:29 +0900] Sync Log:  [END] Updating file app/Domains/Shop/ShopRepositoryImpl.php
[2019-11-04 22:18:29 +0900] Sync Log:  UNISON 2.51.2 (OCAML 4.06.1) finished propagating changes at 22:18:28.80 on 04 Nov 2019
[2019-11-04 22:18:29 +0900] Sync Log:  Synchronization complete at 22:18:28  (1 item transferred, 0 skipped, 0 failed)
[2019-11-04 22:21:13 +0900] Sync Log:  UNISON 2.51.2 (OCAML 4.06.1) started propagating changes at 22:21:13.09 on 04 Nov 2019
[2019-11-04 22:21:13 +0900] Sync Log:  [BGN] Updating file app/Enums/ErrorCode.php from /host_sync to /app_sync
[2019-11-04 22:21:13 +0900] Sync Log:  [END] Updating file app/Enums/ErrorCode.php
[2019-11-04 22:21:13 +0900] Sync Log:  UNISON 2.51.2 (OCAML 4.06.1) finished propagating changes at 22:21:13.09 on 04 Nov 2019
[2019-11-04 22:21:13 +0900] Sync Log:  Synchronization complete at 22:21:13  (1 item transferred, 0 skipped, 0 failed)
[2019-11-04 22:22:01 +0900] Sync Log:  UNISON 2.51.2 (OCAML 4.06.1) started propagating changes at 22:22:01.12 on 04 Nov 2019
[2019-11-04 22:22:01 +0900] Sync Log:  [BGN] Deleting node_modules from /app_sync
[2019-11-04 22:22:01 +0900] Sync Log:  [END] Deleting node_modules
[2019-11-04 22:22:01 +0900] Sync Log:  UNISON 2.51.2 (OCAML 4.06.1) finished propagating changes at 22:22:01.16 on 04 Nov 2019
[2019-11-04 22:22:01 +0900] Sync Log:  Synchronization complete at 22:22:01  (1 item transferred, 0 skipped, 0 failed)
[2019-11-05 12:08:50 +0900] Sync Log:  Error response from daemon: Bad response from Docker engine
